<?xml version="1.0" encoding="UTF-8"?>
<!-- Generated by org.testng.reporters.JUnitXMLReporter -->
<testsuite ignored="4" hostname="CORPLPW000052" failures="0" tests="0" time="0.009" errors="0" timestamp="2022-01-08T20:07:29 IST">
  <testcase classname="com.athma.qa.testcases.NewRegistrationTest" name="singleregisterpatientTest" time="0.0">
    <ignored/>
  </testcase> <!-- singleregisterpatientTest -->
  <testcase classname="com.athma.qa.testcases.NewRegistrationTest" name="newregistrationTitletets" time="0.0">
    <ignored/>
  </testcase> <!-- newregistrationTitletets -->
  <testcase classname="com.athma.qa.testcases.NewRegistrationTest" name="printprefix" time="0.0">
    <ignored/>
  </testcase> <!-- printprefix -->
  <testcase classname="com.athma.qa.testcases.NewRegistrationTest" name="multipleregisterpatientTest" time="0.0">
    <ignored/>
  </testcase> <!-- multipleregisterpatientTest -->
</testsuite>
